[2021-10-17 11:15:00.527] [sharedprocess] [info] Deleted from disk ms-vsliveshare.vsliveshare /home/joshii/.vscode/extensions/ms-vsliveshare.vsliveshare-1.0.4836
[2021-10-17 11:15:00.570] [sharedprocess] [info] Deleted from disk ms-vscode-remote.remote-containers /home/joshii/.vscode/extensions/ms-vscode-remote.remote-containers-0.194.0
[2021-10-17 11:15:00.585] [sharedprocess] [info] Deleted from disk github.vscode-pull-request-github /home/joshii/.vscode/extensions/github.vscode-pull-request-github-0.30.0
[2021-10-17 11:15:03.200] [sharedprocess] [info] Installing extension: ms-vscode.cmake-tools
[2021-10-17 11:15:03.220] [sharedprocess] [info] Installing extension: ms-vscode.cpptools
[2021-10-17 11:15:03.736] [sharedprocess] [info] Installing extension: ms-vsliveshare.vsliveshare
[2021-10-17 11:15:05.891] [sharedprocess] [info] Downloaded extension: ms-vscode.cmake-tools /home/joshii/.config/Code/CachedExtensionVSIXs/ms-vscode.cmake-tools-1.9.0
[2021-10-17 11:15:06.557] [sharedprocess] [info] Extracted extension to /home/joshii/.vscode/extensions/.13d61482-81f6-4bce-9ca4-65d707b6fe10: ms-vscode.cmake-tools
[2021-10-17 11:15:06.577] [sharedprocess] [info] Renamed to /home/joshii/.vscode/extensions/ms-vscode.cmake-tools-1.9.0
[2021-10-17 11:15:06.596] [sharedprocess] [info] Extracting completed. ms-vscode.cmake-tools
[2021-10-17 11:15:06.622] [sharedprocess] [info] Extension installed successfully: ms-vscode.cmake-tools
[2021-10-17 11:15:07.329] [sharedprocess] [info] Downloaded extension: ms-vscode.cpptools /home/joshii/.config/Code/CachedExtensionVSIXs/ms-vscode.cpptools-1.7.0
[2021-10-17 11:15:08.046] [sharedprocess] [info] [logs cleanup]: Starting to clean up old logs.
[2021-10-17 11:15:08.582] [sharedprocess] [info] Extracted extension to /home/joshii/.vscode/extensions/.90f855cc-810a-42f6-92e7-278102658474: ms-vscode.cpptools
[2021-10-17 11:15:08.601] [sharedprocess] [info] Renamed to /home/joshii/.vscode/extensions/ms-vscode.cpptools-1.7.0
[2021-10-17 11:15:08.607] [sharedprocess] [info] Extracting completed. ms-vscode.cpptools
[2021-10-17 11:15:08.634] [sharedprocess] [info] Extension installed successfully: ms-vscode.cpptools
[2021-10-17 11:15:12.847] [sharedprocess] [info] Downloaded extension: ms-vsliveshare.vsliveshare /home/joshii/.config/Code/CachedExtensionVSIXs/ms-vsliveshare.vsliveshare-1.0.4991
[2021-10-17 11:15:19.149] [sharedprocess] [info] Extracted extension to /home/joshii/.vscode/extensions/.faf02ac1-732b-4305-9f26-f4cf9b30f249: ms-vsliveshare.vsliveshare
[2021-10-17 11:15:19.177] [sharedprocess] [info] Renamed to /home/joshii/.vscode/extensions/ms-vsliveshare.vsliveshare-1.0.4991
[2021-10-17 11:15:19.186] [sharedprocess] [info] Extracting completed. ms-vsliveshare.vsliveshare
[2021-10-17 11:15:19.209] [sharedprocess] [info] Extension installed successfully: ms-vsliveshare.vsliveshare
[2021-10-17 11:15:28.049] [sharedprocess] [info] [code cache cleanup]: Starting to clean up old code cache folders.
[2021-10-17 11:15:28.050] [sharedprocess] [info] [storage cleanup]: Starting to clean up storage folders.
[2021-10-17 11:15:38.048] [sharedprocess] [info] [language pack cache cleanup]: Starting to clean up unused language packs.
